<?xml version="1.0" encoding="UTF-8"?>
<testng-results skipped="0" failed="0" ignored="0" total="2" passed="2">
  <reporter-output>
  </reporter-output>
  <suite name="Command line suite" duration-ms="17789" started-at="2021-07-15T15:44:46 IST" finished-at="2021-07-15T15:45:04 IST">
    <groups>
    </groups>
    <test name="Command line test" duration-ms="17789" started-at="2021-07-15T15:44:46 IST" finished-at="2021-07-15T15:45:04 IST">
      <class name="tests.LoginTest">
        <test-method status="PASS" signature="setUp()[pri:0, instance:tests.LoginTest@5ce81285]" name="setUp" is-config="true" duration-ms="4261" started-at="2021-07-15T15:44:46 IST" finished-at="2021-07-15T15:44:50 IST">
          <reporter-output>
          </reporter-output>
        </test-method> <!-- setUp -->
        <test-method status="PASS" signature="invalidLogin()[pri:0, instance:tests.LoginTest@5ce81285]" name="invalidLogin" duration-ms="5555" started-at="2021-07-15T15:44:50 IST" finished-at="2021-07-15T15:44:56 IST">
          <reporter-output>
          </reporter-output>
        </test-method> <!-- invalidLogin -->
        <test-method status="PASS" signature="tearDown()[pri:0, instance:tests.LoginTest@5ce81285]" name="tearDown" is-config="true" duration-ms="746" started-at="2021-07-15T15:44:56 IST" finished-at="2021-07-15T15:44:57 IST">
          <reporter-output>
          </reporter-output>
        </test-method> <!-- tearDown -->
        <test-method status="PASS" signature="setUp()[pri:0, instance:tests.LoginTest@5ce81285]" name="setUp" is-config="true" duration-ms="1266" started-at="2021-07-15T15:44:57 IST" finished-at="2021-07-15T15:44:58 IST">
          <reporter-output>
          </reporter-output>
        </test-method> <!-- setUp -->
        <test-method status="PASS" signature="validLogin()[pri:0, instance:tests.LoginTest@5ce81285]" name="validLogin" duration-ms="5162" started-at="2021-07-15T15:44:58 IST" finished-at="2021-07-15T15:45:03 IST">
          <reporter-output>
          </reporter-output>
        </test-method> <!-- validLogin -->
        <test-method status="PASS" signature="tearDown()[pri:0, instance:tests.LoginTest@5ce81285]" name="tearDown" is-config="true" duration-ms="749" started-at="2021-07-15T15:45:03 IST" finished-at="2021-07-15T15:45:04 IST">
          <reporter-output>
          </reporter-output>
        </test-method> <!-- tearDown -->
      </class> <!-- tests.LoginTest -->
    </test> <!-- Command line test -->
  </suite> <!-- Command line suite -->
</testng-results>
