<?xml version="1.0" encoding="UTF-8"?>
<!-- Generated by org.testng.reporters.JUnitXMLReporter -->
<testsuite hostname="Nitishv3148101" ignored="2" name="Login Test" tests="6" failures="0" timestamp="20 Jul 2021 13:12:47 GMT" time="13.62" errors="0">
  <testcase name="invalidLogin" time="6.461" classname="tests.LoginTest"/>
  <testcase name="validLogin" time="2.385" classname="tests.LoginTest"/>
  <testcase name="statusCodeAs200" time="1.193" classname="tests.StatusCodeTest"/>
  <testcase name="statusCodeAs301" time="1.167" classname="tests.StatusCodeTest"/>
  <testcase name="statusCodeAs404" time="1.165" classname="tests.StatusCodeTest"/>
  <testcase name="statusCodeAs500" time="1.176" classname="tests.StatusCodeTest"/>
  <testcase name="@BeforeSuite startTest" time="0.0" classname="tests.BaseTest">
    <ignored/>
  </testcase> <!-- @BeforeSuite startTest -->
  <testcase name="@AfterSuite endTest" time="0.0" classname="tests.BaseTest">
    <ignored/>
  </testcase> <!-- @AfterSuite endTest -->
</testsuite> <!-- Login Test -->
