<?xml version="1.0" encoding="UTF-8"?>
<!-- Generated by org.testng.reporters.JUnitXMLReporter -->
<testsuite hostname="Nitishv3148101" ignored="2" name="Login Test" tests="6" failures="0" timestamp="19 Jul 2021 13:42:55 GMT" time="23.344" errors="0">
  <testcase name="invalidLogin" time="18.333" classname="tests.LoginTest"/>
  <testcase name="validLogin" time="1.797" classname="tests.LoginTest"/>
  <testcase name="statusCodeAs200" time="0.732" classname="tests.StatusCodeTest"/>
  <testcase name="statusCodeAs301" time="0.788" classname="tests.StatusCodeTest"/>
  <testcase name="statusCodeAs404" time="0.836" classname="tests.StatusCodeTest"/>
  <testcase name="statusCodeAs500" time="0.808" classname="tests.StatusCodeTest"/>
  <testcase name="@BeforeSuite startTest" time="0.0" classname="tests.BaseTest">
    <ignored/>
  </testcase> <!-- @BeforeSuite startTest -->
  <testcase name="@AfterSuite endTest" time="0.0" classname="tests.BaseTest">
    <ignored/>
  </testcase> <!-- @AfterSuite endTest -->
</testsuite> <!-- Login Test -->
